2021-06-02 16:40:32: Starting HiveServer2
SLF4J: Class path contains multiple SLF4J bindings.
SLF4J: Found binding in [jar:file:/home/dunalang/duanlang/plat/apache-hive-3.1.2-bin/lib/log4j-slf4j-impl-2.10.0.jar!/org/slf4j/impl/StaticLoggerBinder.class]
SLF4J: Found binding in [jar:file:/home/dunalang/duanlang/plat/hadoop-3.2.2/share/hadoop/common/lib/slf4j-log4j12-1.7.25.jar!/org/slf4j/impl/StaticLoggerBinder.class]
SLF4J: See http://www.slf4j.org/codes.html#multiple_bindings for an explanation.
SLF4J: Actual binding is of type [org.apache.logging.slf4j.Log4jLoggerFactory]
Hive Session ID = b6fde0e6-8917-4ce4-b05a-f4c872c2dfb9
Hive Session ID = d2707624-e433-4c90-995d-e066d490c5b4
Hive Session ID = f25edb1c-5507-4403-acf2-c76887eb54ec
Hive Session ID = 12a68f44-34df-490d-845f-961a92706dcb
OK
OK
FAILED: SemanticException [Error 10001]: Line 1:14 Table not found 'titles'
NoViableAltException(379@[2389:1: columnNameTypeOrConstraint : ( ( tableConstraint ) | ( columnNameTypeConstraint ) );])
	at org.antlr.runtime.DFA.noViableAlt(DFA.java:158)
	at org.antlr.runtime.DFA.predict(DFA.java:116)
	at org.apache.hadoop.hive.ql.parse.HiveParser.columnNameTypeOrConstraint(HiveParser.java:34044)
	at org.apache.hadoop.hive.ql.parse.HiveParser.columnNameTypeOrConstraintList(HiveParser.java:29819)
	at org.apache.hadoop.hive.ql.parse.HiveParser.createTableStatement(HiveParser.java:6662)
	at org.apache.hadoop.hive.ql.parse.HiveParser.ddlStatement(HiveParser.java:4295)
	at org.apache.hadoop.hive.ql.parse.HiveParser.execStatement(HiveParser.java:2494)
	at org.apache.hadoop.hive.ql.parse.HiveParser.statement(HiveParser.java:1420)
	at org.apache.hadoop.hive.ql.parse.ParseDriver.parse(ParseDriver.java:220)
	at org.apache.hadoop.hive.ql.parse.ParseUtils.parse(ParseUtils.java:74)
	at org.apache.hadoop.hive.ql.parse.ParseUtils.parse(ParseUtils.java:67)
	at org.apache.hadoop.hive.ql.Driver.compile(Driver.java:616)
	at org.apache.hadoop.hive.ql.Driver.compileInternal(Driver.java:1826)
	at org.apache.hadoop.hive.ql.Driver.compileAndRespond(Driver.java:1773)
	at org.apache.hadoop.hive.ql.Driver.compileAndRespond(Driver.java:1768)
	at org.apache.hadoop.hive.ql.reexec.ReExecDriver.compileAndRespond(ReExecDriver.java:126)
	at org.apache.hive.service.cli.operation.SQLOperation.prepare(SQLOperation.java:197)
	at org.apache.hive.service.cli.operation.SQLOperation.runInternal(SQLOperation.java:260)
	at org.apache.hive.service.cli.operation.Operation.run(Operation.java:247)
	at org.apache.hive.service.cli.session.HiveSessionImpl.executeStatementInternal(HiveSessionImpl.java:541)
	at org.apache.hive.service.cli.session.HiveSessionImpl.executeStatementAsync(HiveSessionImpl.java:527)
	at sun.reflect.NativeMethodAccessorImpl.invoke0(Native Method)
	at sun.reflect.NativeMethodAccessorImpl.invoke(NativeMethodAccessorImpl.java:62)
	at sun.reflect.DelegatingMethodAccessorImpl.invoke(DelegatingMethodAccessorImpl.java:43)
	at java.lang.reflect.Method.invoke(Method.java:498)
	at org.apache.hive.service.cli.session.HiveSessionProxy.invoke(HiveSessionProxy.java:78)
	at org.apache.hive.service.cli.session.HiveSessionProxy.access$000(HiveSessionProxy.java:36)
	at org.apache.hive.service.cli.session.HiveSessionProxy$1.run(HiveSessionProxy.java:63)
	at java.security.AccessController.doPrivileged(Native Method)
	at javax.security.auth.Subject.doAs(Subject.java:422)
	at org.apache.hadoop.security.UserGroupInformation.doAs(UserGroupInformation.java:1762)
	at org.apache.hive.service.cli.session.HiveSessionProxy.invoke(HiveSessionProxy.java:59)
	at com.sun.proxy.$Proxy42.executeStatementAsync(Unknown Source)
	at org.apache.hive.service.cli.CLIService.executeStatementAsync(CLIService.java:312)
	at org.apache.hive.service.cli.thrift.ThriftCLIService.ExecuteStatement(ThriftCLIService.java:562)
	at org.apache.hive.service.rpc.thrift.TCLIService$Processor$ExecuteStatement.getResult(TCLIService.java:1557)
	at org.apache.hive.service.rpc.thrift.TCLIService$Processor$ExecuteStatement.getResult(TCLIService.java:1542)
	at org.apache.thrift.ProcessFunction.process(ProcessFunction.java:39)
	at org.apache.thrift.TBaseProcessor.process(TBaseProcessor.java:39)
	at org.apache.hive.service.auth.TSetIpAddressProcessor.process(TSetIpAddressProcessor.java:56)
	at org.apache.thrift.server.TThreadPoolServer$WorkerProcess.run(TThreadPoolServer.java:286)
	at java.util.concurrent.ThreadPoolExecutor.runWorker(ThreadPoolExecutor.java:1142)
	at java.util.concurrent.ThreadPoolExecutor$Worker.run(ThreadPoolExecutor.java:617)
	at java.lang.Thread.run(Thread.java:748)
FAILED: ParseException line 1:24 cannot recognize input near '"emp_no"' 'INTEGER' ',' in column name or constraint
OK
FAILED: SemanticException [Error 10001]: Line 1:14 Table not found 'title'
NoViableAltException(379@[2389:1: columnNameTypeOrConstraint : ( ( tableConstraint ) | ( columnNameTypeConstraint ) );])
	at org.antlr.runtime.DFA.noViableAlt(DFA.java:158)
	at org.antlr.runtime.DFA.predict(DFA.java:116)
	at org.apache.hadoop.hive.ql.parse.HiveParser.columnNameTypeOrConstraint(HiveParser.java:34044)
	at org.apache.hadoop.hive.ql.parse.HiveParser.columnNameTypeOrConstraintList(HiveParser.java:29819)
	at org.apache.hadoop.hive.ql.parse.HiveParser.createTableStatement(HiveParser.java:6662)
	at org.apache.hadoop.hive.ql.parse.HiveParser.ddlStatement(HiveParser.java:4295)
	at org.apache.hadoop.hive.ql.parse.HiveParser.execStatement(HiveParser.java:2494)
	at org.apache.hadoop.hive.ql.parse.HiveParser.statement(HiveParser.java:1420)
	at org.apache.hadoop.hive.ql.parse.ParseDriver.parse(ParseDriver.java:220)
	at org.apache.hadoop.hive.ql.parse.ParseUtils.parse(ParseUtils.java:74)
	at org.apache.hadoop.hive.ql.parse.ParseUtils.parse(ParseUtils.java:67)
	at org.apache.hadoop.hive.ql.Driver.compile(Driver.java:616)
	at org.apache.hadoop.hive.ql.Driver.compileInternal(Driver.java:1826)
	at org.apache.hadoop.hive.ql.Driver.compileAndRespond(Driver.java:1773)
	at org.apache.hadoop.hive.ql.Driver.compileAndRespond(Driver.java:1768)
	at org.apache.hadoop.hive.ql.reexec.ReExecDriver.compileAndRespond(ReExecDriver.java:126)
	at org.apache.hive.service.cli.operation.SQLOperation.prepare(SQLOperation.java:197)
	at org.apache.hive.service.cli.operation.SQLOperation.runInternal(SQLOperation.java:260)
	at org.apache.hive.service.cli.operation.Operation.run(Operation.java:247)
	at org.apache.hive.service.cli.session.HiveSessionImpl.executeStatementInternal(HiveSessionImpl.java:541)
	at org.apache.hive.service.cli.session.HiveSessionImpl.executeStatementAsync(HiveSessionImpl.java:527)
	at sun.reflect.NativeMethodAccessorImpl.invoke0(Native Method)
	at sun.reflect.NativeMethodAccessorImpl.invoke(NativeMethodAccessorImpl.java:62)
	at sun.reflect.DelegatingMethodAccessorImpl.invoke(DelegatingMethodAccessorImpl.java:43)
	at java.lang.reflect.Method.invoke(Method.java:498)
	at org.apache.hive.service.cli.session.HiveSessionProxy.invoke(HiveSessionProxy.java:78)
	at org.apache.hive.service.cli.session.HiveSessionProxy.access$000(HiveSessionProxy.java:36)
	at org.apache.hive.service.cli.session.HiveSessionProxy$1.run(HiveSessionProxy.java:63)
	at java.security.AccessController.doPrivileged(Native Method)
	at javax.security.auth.Subject.doAs(Subject.java:422)
	at org.apache.hadoop.security.UserGroupInformation.doAs(UserGroupInformation.java:1762)
	at org.apache.hive.service.cli.session.HiveSessionProxy.invoke(HiveSessionProxy.java:59)
	at com.sun.proxy.$Proxy42.executeStatementAsync(Unknown Source)
	at org.apache.hive.service.cli.CLIService.executeStatementAsync(CLIService.java:312)
	at org.apache.hive.service.cli.thrift.ThriftCLIService.ExecuteStatement(ThriftCLIService.java:562)
	at org.apache.hive.service.rpc.thrift.TCLIService$Processor$ExecuteStatement.getResult(TCLIService.java:1557)
	at org.apache.hive.service.rpc.thrift.TCLIService$Processor$ExecuteStatement.getResult(TCLIService.java:1542)
	at org.apache.thrift.ProcessFunction.process(ProcessFunction.java:39)
	at org.apache.thrift.TBaseProcessor.process(TBaseProcessor.java:39)
	at org.apache.hive.service.auth.TSetIpAddressProcessor.process(TSetIpAddressProcessor.java:56)
	at org.apache.thrift.server.TThreadPoolServer$WorkerProcess.run(TThreadPoolServer.java:286)
	at java.util.concurrent.ThreadPoolExecutor.runWorker(ThreadPoolExecutor.java:1142)
	at java.util.concurrent.ThreadPoolExecutor$Worker.run(ThreadPoolExecutor.java:617)
	at java.lang.Thread.run(Thread.java:748)
FAILED: ParseException line 1:23 cannot recognize input near '"emp_no"' 'INTEGER' ',' in column name or constraint
FAILED: SemanticException [Error 10001]: Line 1:14 Table not found 'title'
NoViableAltException(379@[2389:1: columnNameTypeOrConstraint : ( ( tableConstraint ) | ( columnNameTypeConstraint ) );])
	at org.antlr.runtime.DFA.noViableAlt(DFA.java:158)
	at org.antlr.runtime.DFA.predict(DFA.java:116)
	at org.apache.hadoop.hive.ql.parse.HiveParser.columnNameTypeOrConstraint(HiveParser.java:34044)
	at org.apache.hadoop.hive.ql.parse.HiveParser.columnNameTypeOrConstraintList(HiveParser.java:29819)
	at org.apache.hadoop.hive.ql.parse.HiveParser.createTableStatement(HiveParser.java:6662)
	at org.apache.hadoop.hive.ql.parse.HiveParser.ddlStatement(HiveParser.java:4295)
	at org.apache.hadoop.hive.ql.parse.HiveParser.execStatement(HiveParser.java:2494)
	at org.apache.hadoop.hive.ql.parse.HiveParser.statement(HiveParser.java:1420)
	at org.apache.hadoop.hive.ql.parse.ParseDriver.parse(ParseDriver.java:220)
	at org.apache.hadoop.hive.ql.parse.ParseUtils.parse(ParseUtils.java:74)
	at org.apache.hadoop.hive.ql.parse.ParseUtils.parse(ParseUtils.java:67)
	at org.apache.hadoop.hive.ql.Driver.compile(Driver.java:616)
	at org.apache.hadoop.hive.ql.Driver.compileInternal(Driver.java:1826)
	at org.apache.hadoop.hive.ql.Driver.compileAndRespond(Driver.java:1773)
	at org.apache.hadoop.hive.ql.Driver.compileAndRespond(Driver.java:1768)
	at org.apache.hadoop.hive.ql.reexec.ReExecDriver.compileAndRespond(ReExecDriver.java:126)
	at org.apache.hive.service.cli.operation.SQLOperation.prepare(SQLOperation.java:197)
	at org.apache.hive.service.cli.operation.SQLOperation.runInternal(SQLOperation.java:260)
	at org.apache.hive.service.cli.operation.Operation.run(Operation.java:247)
	at org.apache.hive.service.cli.session.HiveSessionImpl.executeStatementInternal(HiveSessionImpl.java:541)
	at org.apache.hive.service.cli.session.HiveSessionImpl.executeStatementAsync(HiveSessionImpl.java:527)
	at sun.reflect.NativeMethodAccessorImpl.invoke0(Native Method)
	at sun.reflect.NativeMethodAccessorImpl.invoke(NativeMethodAccessorImpl.java:62)
	at sun.reflect.DelegatingMethodAccessorImpl.invoke(DelegatingMethodAccessorImpl.java:43)
	at java.lang.reflect.Method.invoke(Method.java:498)
	at org.apache.hive.service.cli.session.HiveSessionProxy.invoke(HiveSessionProxy.java:78)
	at org.apache.hive.service.cli.session.HiveSessionProxy.access$000(HiveSessionProxy.java:36)
	at org.apache.hive.service.cli.session.HiveSessionProxy$1.run(HiveSessionProxy.java:63)
	at java.security.AccessController.doPrivileged(Native Method)
	at javax.security.auth.Subject.doAs(Subject.java:422)
	at org.apache.hadoop.security.UserGroupInformation.doAs(UserGroupInformation.java:1762)
	at org.apache.hive.service.cli.session.HiveSessionProxy.invoke(HiveSessionProxy.java:59)
	at com.sun.proxy.$Proxy42.executeStatementAsync(Unknown Source)
	at org.apache.hive.service.cli.CLIService.executeStatementAsync(CLIService.java:312)
	at org.apache.hive.service.cli.thrift.ThriftCLIService.ExecuteStatement(ThriftCLIService.java:562)
	at org.apache.hive.service.rpc.thrift.TCLIService$Processor$ExecuteStatement.getResult(TCLIService.java:1557)
	at org.apache.hive.service.rpc.thrift.TCLIService$Processor$ExecuteStatement.getResult(TCLIService.java:1542)
	at org.apache.thrift.ProcessFunction.process(ProcessFunction.java:39)
	at org.apache.thrift.TBaseProcessor.process(TBaseProcessor.java:39)
	at org.apache.hive.service.auth.TSetIpAddressProcessor.process(TSetIpAddressProcessor.java:56)
	at org.apache.thrift.server.TThreadPoolServer$WorkerProcess.run(TThreadPoolServer.java:286)
	at java.util.concurrent.ThreadPoolExecutor.runWorker(ThreadPoolExecutor.java:1142)
	at java.util.concurrent.ThreadPoolExecutor$Worker.run(ThreadPoolExecutor.java:617)
	at java.lang.Thread.run(Thread.java:748)
FAILED: ParseException line 1:23 cannot recognize input near '"emp_no"' 'INTEGER' ',' in column name or constraint
OK
OK
OK
OK
OK
OK
FAILED: SemanticException [Error 10001]: Line 1:14 Table not found 'title'
NoViableAltException(379@[2389:1: columnNameTypeOrConstraint : ( ( tableConstraint ) | ( columnNameTypeConstraint ) );])
	at org.antlr.runtime.DFA.noViableAlt(DFA.java:158)
	at org.antlr.runtime.DFA.predict(DFA.java:116)
	at org.apache.hadoop.hive.ql.parse.HiveParser.columnNameTypeOrConstraint(HiveParser.java:34044)
	at org.apache.hadoop.hive.ql.parse.HiveParser.columnNameTypeOrConstraintList(HiveParser.java:29819)
	at org.apache.hadoop.hive.ql.parse.HiveParser.createTableStatement(HiveParser.java:6662)
	at org.apache.hadoop.hive.ql.parse.HiveParser.ddlStatement(HiveParser.java:4295)
	at org.apache.hadoop.hive.ql.parse.HiveParser.execStatement(HiveParser.java:2494)
	at org.apache.hadoop.hive.ql.parse.HiveParser.statement(HiveParser.java:1420)
	at org.apache.hadoop.hive.ql.parse.ParseDriver.parse(ParseDriver.java:220)
	at org.apache.hadoop.hive.ql.parse.ParseUtils.parse(ParseUtils.java:74)
	at org.apache.hadoop.hive.ql.parse.ParseUtils.parse(ParseUtils.java:67)
	at org.apache.hadoop.hive.ql.Driver.compile(Driver.java:616)
	at org.apache.hadoop.hive.ql.Driver.compileInternal(Driver.java:1826)
	at org.apache.hadoop.hive.ql.Driver.compileAndRespond(Driver.java:1773)
	at org.apache.hadoop.hive.ql.Driver.compileAndRespond(Driver.java:1768)
	at org.apache.hadoop.hive.ql.reexec.ReExecDriver.compileAndRespond(ReExecDriver.java:126)
	at org.apache.hive.service.cli.operation.SQLOperation.prepare(SQLOperation.java:197)
	at org.apache.hive.service.cli.operation.SQLOperation.runInternal(SQLOperation.java:260)
	at org.apache.hive.service.cli.operation.Operation.run(Operation.java:247)
	at org.apache.hive.service.cli.session.HiveSessionImpl.executeStatementInternal(HiveSessionImpl.java:541)
	at org.apache.hive.service.cli.session.HiveSessionImpl.executeStatementAsync(HiveSessionImpl.java:527)
	at sun.reflect.GeneratedMethodAccessor31.invoke(Unknown Source)
	at sun.reflect.DelegatingMethodAccessorImpl.invoke(DelegatingMethodAccessorImpl.java:43)
	at java.lang.reflect.Method.invoke(Method.java:498)
	at org.apache.hive.service.cli.session.HiveSessionProxy.invoke(HiveSessionProxy.java:78)
	at org.apache.hive.service.cli.session.HiveSessionProxy.access$000(HiveSessionProxy.java:36)
	at org.apache.hive.service.cli.session.HiveSessionProxy$1.run(HiveSessionProxy.java:63)
	at java.security.AccessController.doPrivileged(Native Method)
	at javax.security.auth.Subject.doAs(Subject.java:422)
	at org.apache.hadoop.security.UserGroupInformation.doAs(UserGroupInformation.java:1762)
	at org.apache.hive.service.cli.session.HiveSessionProxy.invoke(HiveSessionProxy.java:59)
	at com.sun.proxy.$Proxy42.executeStatementAsync(Unknown Source)
	at org.apache.hive.service.cli.CLIService.executeStatementAsync(CLIService.java:312)
	at org.apache.hive.service.cli.thrift.ThriftCLIService.ExecuteStatement(ThriftCLIService.java:562)
	at org.apache.hive.service.rpc.thrift.TCLIService$Processor$ExecuteStatement.getResult(TCLIService.java:1557)
	at org.apache.hive.service.rpc.thrift.TCLIService$Processor$ExecuteStatement.getResult(TCLIService.java:1542)
	at org.apache.thrift.ProcessFunction.process(ProcessFunction.java:39)
	at org.apache.thrift.TBaseProcessor.process(TBaseProcessor.java:39)
	at org.apache.hive.service.auth.TSetIpAddressProcessor.process(TSetIpAddressProcessor.java:56)
	at org.apache.thrift.server.TThreadPoolServer$WorkerProcess.run(TThreadPoolServer.java:286)
	at java.util.concurrent.ThreadPoolExecutor.runWorker(ThreadPoolExecutor.java:1142)
	at java.util.concurrent.ThreadPoolExecutor$Worker.run(ThreadPoolExecutor.java:617)
	at java.lang.Thread.run(Thread.java:748)
FAILED: ParseException line 1:20 cannot recognize input near '"emp_no"' 'INTEGER' ',' in column name or constraint
FAILED: SemanticException [Error 10001]: Line 1:14 Table not found 'title'
NoViableAltException(379@[2389:1: columnNameTypeOrConstraint : ( ( tableConstraint ) | ( columnNameTypeConstraint ) );])
	at org.antlr.runtime.DFA.noViableAlt(DFA.java:158)
	at org.antlr.runtime.DFA.predict(DFA.java:116)
	at org.apache.hadoop.hive.ql.parse.HiveParser.columnNameTypeOrConstraint(HiveParser.java:34044)
	at org.apache.hadoop.hive.ql.parse.HiveParser.columnNameTypeOrConstraintList(HiveParser.java:29819)
	at org.apache.hadoop.hive.ql.parse.HiveParser.createTableStatement(HiveParser.java:6662)
	at org.apache.hadoop.hive.ql.parse.HiveParser.ddlStatement(HiveParser.java:4295)
	at org.apache.hadoop.hive.ql.parse.HiveParser.execStatement(HiveParser.java:2494)
	at org.apache.hadoop.hive.ql.parse.HiveParser.statement(HiveParser.java:1420)
	at org.apache.hadoop.hive.ql.parse.ParseDriver.parse(ParseDriver.java:220)
	at org.apache.hadoop.hive.ql.parse.ParseUtils.parse(ParseUtils.java:74)
	at org.apache.hadoop.hive.ql.parse.ParseUtils.parse(ParseUtils.java:67)
	at org.apache.hadoop.hive.ql.Driver.compile(Driver.java:616)
	at org.apache.hadoop.hive.ql.Driver.compileInternal(Driver.java:1826)
	at org.apache.hadoop.hive.ql.Driver.compileAndRespond(Driver.java:1773)
	at org.apache.hadoop.hive.ql.Driver.compileAndRespond(Driver.java:1768)
	at org.apache.hadoop.hive.ql.reexec.ReExecDriver.compileAndRespond(ReExecDriver.java:126)
	at org.apache.hive.service.cli.operation.SQLOperation.prepare(SQLOperation.java:197)
	at org.apache.hive.service.cli.operation.SQLOperation.runInternal(SQLOperation.java:260)
	at org.apache.hive.service.cli.operation.Operation.run(Operation.java:247)
	at org.apache.hive.service.cli.session.HiveSessionImpl.executeStatementInternal(HiveSessionImpl.java:541)
	at org.apache.hive.service.cli.session.HiveSessionImpl.executeStatementAsync(HiveSessionImpl.java:527)
	at sun.reflect.GeneratedMethodAccessor31.invoke(Unknown Source)
	at sun.reflect.DelegatingMethodAccessorImpl.invoke(DelegatingMethodAccessorImpl.java:43)
	at java.lang.reflect.Method.invoke(Method.java:498)
	at org.apache.hive.service.cli.session.HiveSessionProxy.invoke(HiveSessionProxy.java:78)
	at org.apache.hive.service.cli.session.HiveSessionProxy.access$000(HiveSessionProxy.java:36)
	at org.apache.hive.service.cli.session.HiveSessionProxy$1.run(HiveSessionProxy.java:63)
	at java.security.AccessController.doPrivileged(Native Method)
	at javax.security.auth.Subject.doAs(Subject.java:422)
	at org.apache.hadoop.security.UserGroupInformation.doAs(UserGroupInformation.java:1762)
	at org.apache.hive.service.cli.session.HiveSessionProxy.invoke(HiveSessionProxy.java:59)
	at com.sun.proxy.$Proxy42.executeStatementAsync(Unknown Source)
	at org.apache.hive.service.cli.CLIService.executeStatementAsync(CLIService.java:312)
	at org.apache.hive.service.cli.thrift.ThriftCLIService.ExecuteStatement(ThriftCLIService.java:562)
	at org.apache.hive.service.rpc.thrift.TCLIService$Processor$ExecuteStatement.getResult(TCLIService.java:1557)
	at org.apache.hive.service.rpc.thrift.TCLIService$Processor$ExecuteStatement.getResult(TCLIService.java:1542)
	at org.apache.thrift.ProcessFunction.process(ProcessFunction.java:39)
	at org.apache.thrift.TBaseProcessor.process(TBaseProcessor.java:39)
	at org.apache.hive.service.auth.TSetIpAddressProcessor.process(TSetIpAddressProcessor.java:56)
	at org.apache.thrift.server.TThreadPoolServer$WorkerProcess.run(TThreadPoolServer.java:286)
	at java.util.concurrent.ThreadPoolExecutor.runWorker(ThreadPoolExecutor.java:1142)
	at java.util.concurrent.ThreadPoolExecutor$Worker.run(ThreadPoolExecutor.java:617)
	at java.lang.Thread.run(Thread.java:748)
FAILED: ParseException line 1:23 cannot recognize input near '"emp_no"' 'INTEGER' ',' in column name or constraint
OK
OK
OK
OK
OK
OK
OK
OK
